<?xml version="1.0" encoding="UTF-8"?>
<!-- Generated by org.testng.reporters.JUnitReportReporter -->
<testsuite skipped="0" hostname="Krishnavenis-MacBook-Air.local" name="Amazon.SearchEarPhones" tests="2" failures="0" timestamp="2021-11-03T21:03:28 IST" time="19.196" errors="0">
  <testcase name="listSearchResult" time="4.218" classname="Amazon.SearchEarPhones"/>
  <system-out/>
  <testcase name="SearchEarPhonesWithMic" time="14.978" classname="Amazon.SearchEarPhones"/>
  <system-out/>
</testsuite> <!-- Amazon.SearchEarPhones -->
